============================================
SEGMENTO S2 — Avvio: 2026-03-24_16:40:58
Range: [14900000000000, 22900000000000]
============================================
A052075 — Primes p such that nextprime(p) is substring of p^3
Version 4.0 — Carlo Corti, 2026

======================================================
ORACLE SET VERIFICATION — A052075 (v4)
======================================================
  OK   a( 1) =              11  |  p^3 OK  |  match@0/4
  OK   a( 2) =             101  |  p^3 OK  |  match@0/7
  OK   a( 3) =            2239  |  p^3 OK  |  match@2/11
  OK   a( 4) =           34297  |  p^3 OK  |  match@2/14
  OK   a( 5) =           43789  |  p^3 OK  |  match@4/14
  OK   a( 6) =           53549  |  p^3 OK  |  match@1/15
  OK   a( 7) =          535487  |  p^3 OK  |  match@1/18
  OK   a( 8) =        59897017  |  p^3 OK  |  match@14/24
  OK   a( 9) =       430784719  |  p^3 OK  |  match@3/26
  OK   a(10) =      2549592677  |  p^3 OK  |  match@19/29  [TRAILING, filter=OK]
  OK   a(11) =      2837138669  |  p^3 OK  |  match@1/29
  OK   a(12) =     97969345967  |  p^3 OK  |  match@22/33  [TRAILING, filter=OK]
  OK   a(13) =    100000000019  |  p^3 OK  |  match@0/34
  OK   a(14) =    328096840219  |  p^3 OK  |  match@20/35
  OK   a(15) =   4110739763869  |  p^3 OK  |  match@25/38  [TRAILING, filter=OK]
------------------------------------------------------
ALL 15 TERMS VERIFIED SUCCESSFULLY.

======================================================
A052075 SEARCH: [14900000000000, 22900000000000]
======================================================

Generating small primes up to 4785395...
Found 334498 small primes (largest: 4785383)

Using 16 threads (macro-block size: 1000000000)

  ... wave done: [14900000000001, 15028000000001), total 4219278671 primes, 58367614/sec, hits: 0, 1.6%, 72s elapsed
  ... wave done: [15028000000001, 15156000000001), total 8437401575 primes, 57853563/sec, hits: 0, 3.2%, 146s elapsed
  ... wave done: [15156000000001, 15284000000001), total 12654368307 primes, 57932970/sec, hits: 0, 4.8%, 218s elapsed
  ... wave done: [15284000000001, 15412000000001), total 16870179322 primes, 57457812/sec, hits: 0, 6.4%, 294s elapsed
  ... wave done: [15412000000001, 15540000000001), total 21084803507 primes, 57480034/sec, hits: 0, 8.0%, 367s elapsed
  ... wave done: [15540000000001, 15668000000001), total 25298321882 primes, 57444923/sec, hits: 0, 9.6%, 440s elapsed
  ... wave done: [15668000000001, 15796000000001), total 29510684110 primes, 57504492/sec, hits: 0, 11.2%, 513s elapsed
  ... wave done: [15796000000001, 15924000000001), total 33721884950 primes, 57443131/sec, hits: 0, 12.8%, 587s elapsed
  ... wave done: [15924000000001, 16052000000001), total 37932001297 primes, 57358003/sec, hits: 0, 14.4%, 661s elapsed
  ... wave done: [16052000000001, 16180000000001), total 42141032894 primes, 57282816/sec, hits: 0, 16.0%, 736s elapsed
  ... wave done: [16180000000001, 16308000000001), total 46348986806 primes, 57248037/sec, hits: 0, 17.6%, 810s elapsed
  ... wave done: [16308000000001, 16436000000001), total 50555878827 primes, 57209889/sec, hits: 0, 19.2%, 884s elapsed
  ... wave done: [16436000000001, 16564000000001), total 54761637771 primes, 57204810/sec, hits: 0, 20.8%, 957s elapsed
  ... wave done: [16564000000001, 16692000000001), total 58966301833 primes, 57225426/sec, hits: 0, 22.4%, 1030s elapsed
  ... wave done: [16692000000001, 16820000000001), total 63169973839 primes, 57165051/sec, hits: 0, 24.0%, 1105s elapsed
  ... wave done: [16820000000001, 16948000000001), total 67372562300 primes, 57191200/sec, hits: 0, 25.6%, 1178s elapsed
  ... wave done: [16948000000001, 17076000000001), total 71574118027 primes, 57254958/sec, hits: 0, 27.2%, 1250s elapsed
  ... wave done: [17076000000001, 17204000000001), total 75774636703 primes, 57297537/sec, hits: 0, 28.8%, 1322s elapsed
  ... wave done: [17204000000001, 17332000000001), total 79974153957 primes, 57346064/sec, hits: 0, 30.4%, 1395s elapsed
  ... wave done: [17332000000001, 17460000000001), total 84172576303 primes, 57384506/sec, hits: 0, 32.0%, 1467s elapsed
  ... wave done: [17460000000001, 17588000000001), total 88370076222 primes, 57418945/sec, hits: 0, 33.6%, 1539s elapsed
  ... wave done: [17588000000001, 17716000000001), total 92566548365 primes, 57450751/sec, hits: 0, 35.2%, 1611s elapsed
  ... wave done: [17716000000001, 17844000000001), total 96762009352 primes, 57453859/sec, hits: 0, 36.8%, 1684s elapsed
  ... wave done: [17844000000001, 17972000000001), total 100956474989 primes, 57486466/sec, hits: 0, 38.4%, 1756s elapsed
  ... wave done: [17972000000001, 18100000000001), total 105150016651 primes, 57508454/sec, hits: 0, 40.0%, 1828s elapsed
  ... wave done: [18100000000001, 18228000000001), total 109342540810 primes, 57523683/sec, hits: 0, 41.6%, 1901s elapsed
  ... wave done: [18228000000001, 18356000000001), total 113534120457 primes, 57538138/sec, hits: 0, 43.2%, 1973s elapsed
  ... wave done: [18356000000001, 18484000000001), total 117724756163 primes, 57553887/sec, hits: 0, 44.8%, 2045s elapsed
  ... wave done: [18484000000001, 18612000000001), total 121914356650 primes, 57553874/sec, hits: 0, 46.4%, 2118s elapsed
  ... wave done: [18612000000001, 18740000000001), total 126103092720 primes, 57568264/sec, hits: 0, 48.0%, 2190s elapsed
  ... wave done: [18740000000001, 18868000000001), total 130290865446 primes, 57567585/sec, hits: 0, 49.6%, 2263s elapsed
  ... wave done: [18868000000001, 18996000000001), total 134477737425 primes, 57562384/sec, hits: 0, 51.2%, 2336s elapsed
  ... wave done: [18996000000001, 19124000000001), total 138663675234 primes, 57528286/sec, hits: 0, 52.8%, 2410s elapsed
  ... wave done: [19124000000001, 19252000000001), total 142848704262 primes, 57509176/sec, hits: 0, 54.4%, 2484s elapsed
  ... wave done: [19252000000001, 19380000000001), total 147032785668 primes, 57487751/sec, hits: 0, 56.0%, 2558s elapsed
  ... wave done: [19380000000001, 19508000000001), total 151215988658 primes, 57469795/sec, hits: 0, 57.6%, 2631s elapsed
  ... wave done: [19508000000001, 19636000000001), total 155398282884 primes, 57450740/sec, hits: 0, 59.2%, 2705s elapsed
  ... wave done: [19636000000001, 19764000000001), total 159579683918 primes, 57403442/sec, hits: 0, 60.8%, 2780s elapsed
  ... wave done: [19764000000001, 19892000000001), total 163760223949 primes, 57368952/sec, hits: 0, 62.4%, 2855s elapsed
  ... wave done: [19892000000001, 20020000000001), total 167939873712 primes, 57345709/sec, hits: 0, 64.0%, 2929s elapsed
  ... wave done: [20020000000001, 20148000000001), total 172118639301 primes, 57308057/sec, hits: 0, 65.6%, 3003s elapsed
  ... wave done: [20148000000001, 20276000000001), total 176296530640 primes, 57301302/sec, hits: 0, 67.2%, 3077s elapsed
  ... wave done: [20276000000001, 20404000000001), total 180473598070 primes, 57309669/sec, hits: 0, 68.8%, 3149s elapsed
  ... wave done: [20404000000001, 20532000000001), total 184649844758 primes, 57316161/sec, hits: 0, 70.4%, 3222s elapsed
  ... wave done: [20532000000001, 20660000000001), total 188825186683 primes, 57308462/sec, hits: 0, 72.0%, 3295s elapsed
  ... wave done: [20660000000001, 20788000000001), total 192999682110 primes, 57310133/sec, hits: 0, 73.6%, 3368s elapsed
  ... wave done: [20788000000001, 20916000000001), total 197173380592 primes, 57311586/sec, hits: 0, 75.2%, 3440s elapsed
  ... wave done: [20916000000001, 21044000000001), total 201346264158 primes, 57320957/sec, hits: 0, 76.8%, 3513s elapsed
  ... wave done: [21044000000001, 21172000000001), total 205518252561 primes, 57328326/sec, hits: 0, 78.4%, 3585s elapsed
  ... wave done: [21172000000001, 21300000000001), total 209689420560 primes, 57337929/sec, hits: 0, 80.0%, 3657s elapsed
  ... wave done: [21300000000001, 21428000000001), total 213859781663 primes, 57341795/sec, hits: 0, 81.6%, 3730s elapsed
  ... wave done: [21428000000001, 21556000000001), total 218029322464 primes, 57351568/sec, hits: 0, 83.2%, 3802s elapsed
  ... wave done: [21556000000001, 21684000000001), total 222198101073 primes, 57352762/sec, hits: 0, 84.8%, 3874s elapsed
  ... wave done: [21684000000001, 21812000000001), total 226366000595 primes, 57322015/sec, hits: 0, 86.4%, 3949s elapsed
  ... wave done: [21812000000001, 21940000000001), total 230533130520 primes, 57293902/sec, hits: 0, 88.0%, 4024s elapsed
  ... wave done: [21940000000001, 22068000000001), total 234699499083 primes, 57271664/sec, hits: 0, 89.6%, 4098s elapsed
  ... wave done: [22068000000001, 22196000000001), total 238865071370 primes, 57248609/sec, hits: 0, 91.2%, 4172s elapsed
  ... wave done: [22196000000001, 22324000000001), total 243029865832 primes, 57224817/sec, hits: 0, 92.8%, 4247s elapsed
  ... wave done: [22324000000001, 22452000000001), total 247193847088 primes, 57217914/sec, hits: 0, 94.4%, 4320s elapsed
  ... wave done: [22452000000001, 22580000000001), total 251357149862 primes, 57207802/sec, hits: 0, 96.0%, 4394s elapsed
  ... wave done: [22580000000001, 22708000000001), total 255519609939 primes, 57207238/sec, hits: 0, 97.6%, 4467s elapsed
  ... wave done: [22708000000001, 22836000000001), total 259681333876 primes, 57205331/sec, hits: 0, 99.2%, 4539s elapsed
  ... wave done: [22836000000001, 22900004194304), total 261762049678 primes, 57202781/sec, hits: 0, 100.0%, 4576s elapsed

======================================================
SEARCH COMPLETE
======================================================

Range: [14900000000001, 22900000000000]
Threads: 16
Primes tested: 261762049678
Hits found: 0
Trailing filter hits: 0
Full checks: 261762049678
Time: 4576.0 seconds (1.27 hours)
Rate: 57202754 primes/sec (3575172/sec/thread)

Per-decade statistics:
  Digits  Primes tested    Hits
     14    261762049678      0

Hits found (sorted by p):

CSV copiato in /home/carlo/MATH/OEIS/A052075/runs/a052075_log_14900000000000_22900000000000.csv

Segmento S2 completato: 2026-03-24_17:57:14
