============================================
SEGMENTO S22 — Avvio: 2026-03-28_15:52:14
Range: [208000000000000, 220000000000000]
============================================
A052075 — Primes p such that nextprime(p) is substring of p^3
Version 4.0 — Carlo Corti, 2026

======================================================
ORACLE SET VERIFICATION — A052075 (v4)
======================================================
  OK   a( 1) =              11  |  p^3 OK  |  match@0/4
  OK   a( 2) =             101  |  p^3 OK  |  match@0/7
  OK   a( 3) =            2239  |  p^3 OK  |  match@2/11
  OK   a( 4) =           34297  |  p^3 OK  |  match@2/14
  OK   a( 5) =           43789  |  p^3 OK  |  match@4/14
  OK   a( 6) =           53549  |  p^3 OK  |  match@1/15
  OK   a( 7) =          535487  |  p^3 OK  |  match@1/18
  OK   a( 8) =        59897017  |  p^3 OK  |  match@14/24
  OK   a( 9) =       430784719  |  p^3 OK  |  match@3/26
  OK   a(10) =      2549592677  |  p^3 OK  |  match@19/29  [TRAILING, filter=OK]
  OK   a(11) =      2837138669  |  p^3 OK  |  match@1/29
  OK   a(12) =     97969345967  |  p^3 OK  |  match@22/33  [TRAILING, filter=OK]
  OK   a(13) =    100000000019  |  p^3 OK  |  match@0/34
  OK   a(14) =    328096840219  |  p^3 OK  |  match@20/35
  OK   a(15) =   4110739763869  |  p^3 OK  |  match@25/38  [TRAILING, filter=OK]
------------------------------------------------------
ALL 15 TERMS VERIFIED SUCCESSFULLY.

======================================================
A052075 SEARCH: [208000000000000, 220000000000000]
======================================================

Generating small primes up to 14832397...
Found 960618 small primes (largest: 14832383)

Using 16 threads (macro-block size: 1000000000)

  ... wave done: [208000000000001, 208128000000001), total 3882441854 primes, 50036402/sec, hits: 0, 1.1%, 78s elapsed
  ... wave done: [208128000000001, 208256000000001), total 7764826313 primes, 50120773/sec, hits: 0, 2.1%, 155s elapsed
  ... wave done: [208256000000001, 208384000000001), total 11647101154 primes, 50210555/sec, hits: 0, 3.2%, 232s elapsed
  ... wave done: [208384000000001, 208512000000001), total 15529338478 primes, 50230508/sec, hits: 0, 4.3%, 309s elapsed
  ... wave done: [208512000000001, 208640000000001), total 19411524966 primes, 50137394/sec, hits: 0, 5.3%, 387s elapsed
  ... wave done: [208640000000001, 208768000000001), total 23293616961 primes, 49938387/sec, hits: 0, 6.4%, 466s elapsed
  ... wave done: [208768000000001, 208896000000001), total 27175624289 primes, 49897542/sec, hits: 0, 7.5%, 545s elapsed
  ... wave done: [208896000000001, 209024000000001), total 31057507843 primes, 49778280/sec, hits: 0, 8.5%, 624s elapsed
  ... wave done: [209024000000001, 209152000000001), total 34939354644 primes, 49887982/sec, hits: 0, 9.6%, 700s elapsed
  ... wave done: [209152000000001, 209280000000001), total 38821173702 primes, 49641420/sec, hits: 0, 10.7%, 782s elapsed
  ... wave done: [209280000000001, 209408000000001), total 42702895817 primes, 49646915/sec, hits: 0, 11.7%, 860s elapsed
  ... wave done: [209408000000001, 209536000000001), total 46584508917 primes, 49553277/sec, hits: 0, 12.8%, 940s elapsed
  ... wave done: [209536000000001, 209664000000001), total 50466113978 primes, 49506037/sec, hits: 0, 13.9%, 1019s elapsed
  ... wave done: [209664000000001, 209792000000001), total 54347638108 primes, 49534325/sec, hits: 0, 14.9%, 1097s elapsed
  ... wave done: [209792000000001, 209920000000001), total 58229092676 primes, 49575226/sec, hits: 0, 16.0%, 1175s elapsed
  ... wave done: [209920000000001, 210048000000001), total 62110465040 primes, 49641695/sec, hits: 0, 17.1%, 1251s elapsed
  ... wave done: [210048000000001, 210176000000001), total 65991794508 primes, 49704425/sec, hits: 0, 18.1%, 1328s elapsed
  ... wave done: [210176000000001, 210304000000001), total 69872989311 primes, 49759614/sec, hits: 0, 19.2%, 1404s elapsed
  ... wave done: [210304000000001, 210432000000001), total 73754084111 primes, 49757749/sec, hits: 0, 20.3%, 1482s elapsed
  ... wave done: [210432000000001, 210560000000001), total 77635171774 primes, 49699606/sec, hits: 0, 21.3%, 1562s elapsed
  ... wave done: [210560000000001, 210688000000001), total 81516179968 primes, 49710757/sec, hits: 0, 22.4%, 1640s elapsed
  ... wave done: [210688000000001, 210816000000001), total 85397114587 primes, 49721641/sec, hits: 0, 23.5%, 1718s elapsed
  ... wave done: [210816000000001, 210944000000001), total 89278030602 primes, 49677446/sec, hits: 0, 24.5%, 1797s elapsed
  ... wave done: [210944000000001, 211072000000001), total 93158869675 primes, 49683361/sec, hits: 0, 25.6%, 1875s elapsed
  ... wave done: [211072000000001, 211200000000001), total 97039558207 primes, 49687470/sec, hits: 0, 26.7%, 1953s elapsed
  ... wave done: [211200000000001, 211328000000001), total 100920186454 primes, 49599163/sec, hits: 0, 27.7%, 2035s elapsed
  ... wave done: [211328000000001, 211456000000001), total 104800815432 primes, 49555354/sec, hits: 0, 28.8%, 2115s elapsed
  ... wave done: [211456000000001, 211584000000001), total 108681369812 primes, 49559470/sec, hits: 0, 29.9%, 2193s elapsed
  ... wave done: [211584000000001, 211712000000001), total 112561765312 primes, 49599780/sec, hits: 0, 30.9%, 2269s elapsed
  ... wave done: [211712000000001, 211840000000001), total 116442100634 primes, 49637636/sec, hits: 0, 32.0%, 2346s elapsed
  ... wave done: [211840000000001, 211968000000001), total 120322378154 primes, 49643315/sec, hits: 0, 33.1%, 2424s elapsed
  ... wave done: [211968000000001, 212096000000001), total 124202596588 primes, 49644445/sec, hits: 0, 34.1%, 2502s elapsed
  ... wave done: [212096000000001, 212224000000001), total 128082774722 primes, 49650524/sec, hits: 0, 35.2%, 2580s elapsed
  ... wave done: [212224000000001, 212352000000001), total 131962874243 primes, 49652874/sec, hits: 0, 36.3%, 2658s elapsed
  ... wave done: [212352000000001, 212480000000001), total 135842919090 primes, 49627005/sec, hits: 0, 37.3%, 2737s elapsed
  ... wave done: [212480000000001, 212608000000001), total 139722866584 primes, 49609706/sec, hits: 0, 38.4%, 2816s elapsed
  ... wave done: [212608000000001, 212736000000001), total 143602742191 primes, 49621365/sec, hits: 0, 39.5%, 2894s elapsed
  ... wave done: [212736000000001, 212864000000001), total 147482581847 primes, 49628542/sec, hits: 0, 40.5%, 2972s elapsed
  ... wave done: [212864000000001, 212992000000001), total 151362318191 primes, 49650756/sec, hits: 0, 41.6%, 3049s elapsed
  ... wave done: [212992000000001, 213120000000001), total 155241960502 primes, 49665248/sec, hits: 0, 42.7%, 3126s elapsed
  ... wave done: [213120000000001, 213248000000001), total 159121596697 primes, 49655351/sec, hits: 0, 43.7%, 3205s elapsed
  ... wave done: [213248000000001, 213376000000001), total 163001099904 primes, 49642300/sec, hits: 0, 44.8%, 3284s elapsed
  ... wave done: [213376000000001, 213504000000001), total 166880490527 primes, 49644693/sec, hits: 0, 45.9%, 3361s elapsed
  ... wave done: [213504000000001, 213632000000001), total 170759858742 primes, 49655462/sec, hits: 0, 46.9%, 3439s elapsed
  ... wave done: [213632000000001, 213760000000001), total 174639183742 primes, 49659260/sec, hits: 0, 48.0%, 3517s elapsed
  ... wave done: [213760000000001, 213888000000001), total 178518481744 primes, 49607925/sec, hits: 0, 49.1%, 3599s elapsed
  ... wave done: [213888000000001, 214016000000001), total 182397670660 primes, 49560750/sec, hits: 0, 50.1%, 3680s elapsed
  ... wave done: [214016000000001, 214144000000001), total 186276810449 primes, 49562146/sec, hits: 0, 51.2%, 3758s elapsed
  ... wave done: [214144000000001, 214272000000001), total 190155819344 primes, 49579132/sec, hits: 0, 52.3%, 3835s elapsed
  ... wave done: [214272000000001, 214400000000001), total 194034790768 primes, 49599626/sec, hits: 0, 53.3%, 3912s elapsed
  ... wave done: [214400000000001, 214528000000001), total 197913694520 primes, 49608932/sec, hits: 0, 54.4%, 3989s elapsed
  ... wave done: [214528000000001, 214656000000001), total 201792533991 primes, 49614150/sec, hits: 0, 55.5%, 4067s elapsed
  ... wave done: [214656000000001, 214784000000001), total 205671262436 primes, 49623073/sec, hits: 0, 56.5%, 4145s elapsed
  ... wave done: [214784000000001, 214912000000001), total 209549965902 primes, 49631499/sec, hits: 0, 57.6%, 4222s elapsed
  ... wave done: [214912000000001, 215040000000001), total 213428527995 primes, 49621872/sec, hits: 0, 58.7%, 4301s elapsed
  ... wave done: [215040000000001, 215168000000001), total 217307016759 primes, 49601095/sec, hits: 0, 59.7%, 4381s elapsed
  ... wave done: [215168000000001, 215296000000001), total 221185451756 primes, 49596353/sec, hits: 0, 60.8%, 4460s elapsed
  ... wave done: [215296000000001, 215424000000001), total 225063809116 primes, 49588290/sec, hits: 0, 61.9%, 4539s elapsed
  ... wave done: [215424000000001, 215552000000001), total 228942135264 primes, 49589558/sec, hits: 0, 62.9%, 4617s elapsed
  ... wave done: [215552000000001, 215680000000001), total 232820382906 primes, 49586388/sec, hits: 0, 64.0%, 4695s elapsed
  ... wave done: [215680000000001, 215808000000001), total 236698563718 primes, 49589739/sec, hits: 0, 65.1%, 4773s elapsed
  ... wave done: [215808000000001, 215936000000001), total 240576690021 primes, 49587581/sec, hits: 0, 66.1%, 4852s elapsed
  ... wave done: [215936000000001, 216064000000001), total 244454773837 primes, 49600582/sec, hits: 0, 67.2%, 4928s elapsed
  ... wave done: [216064000000001, 216192000000001), total 248332738803 primes, 49616423/sec, hits: 0, 68.3%, 5005s elapsed
  ... wave done: [216192000000001, 216320000000001), total 252210668161 primes, 49630441/sec, hits: 0, 69.3%, 5082s elapsed
  ... wave done: [216320000000001, 216448000000001), total 256088496435 primes, 49644590/sec, hits: 0, 70.4%, 5158s elapsed
  ... wave done: [216448000000001, 216576000000001), total 259966307418 primes, 49656493/sec, hits: 0, 71.5%, 5235s elapsed
  ... wave done: [216576000000001, 216704000000001), total 263844033591 primes, 49670051/sec, hits: 0, 72.5%, 5312s elapsed
  ... wave done: [216704000000001, 216832000000001), total 267721660638 primes, 49682367/sec, hits: 0, 73.6%, 5389s elapsed
  ... wave done: [216832000000001, 216960000000001), total 271599194851 primes, 49695882/sec, hits: 0, 74.7%, 5465s elapsed
  ... wave done: [216960000000001, 217088000000001), total 275476681783 primes, 49706444/sec, hits: 0, 75.7%, 5542s elapsed
  ... wave done: [217088000000001, 217216000000001), total 279354124910 primes, 49720173/sec, hits: 0, 76.8%, 5619s elapsed
  ... wave done: [217216000000001, 217344000000001), total 283231490798 primes, 49730193/sec, hits: 0, 77.9%, 5695s elapsed
  ... wave done: [217344000000001, 217472000000001), total 287108787140 primes, 49742715/sec, hits: 0, 78.9%, 5772s elapsed
  ... wave done: [217472000000001, 217600000000001), total 290985988448 primes, 49752202/sec, hits: 0, 80.0%, 5849s elapsed
  ... wave done: [217600000000001, 217728000000001), total 294863117900 primes, 49763235/sec, hits: 0, 81.1%, 5925s elapsed
  ... wave done: [217728000000001, 217856000000001), total 298740189847 primes, 49772588/sec, hits: 0, 82.1%, 6002s elapsed
  ... wave done: [217856000000001, 217984000000001), total 302617179458 primes, 49781998/sec, hits: 0, 83.2%, 6079s elapsed
  ... wave done: [217984000000001, 218112000000001), total 306494163083 primes, 49792195/sec, hits: 0, 84.3%, 6155s elapsed
  ... wave done: [218112000000001, 218240000000001), total 310371076861 primes, 49803081/sec, hits: 0, 85.3%, 6232s elapsed
  ... wave done: [218240000000001, 218368000000001), total 314247869901 primes, 49811525/sec, hits: 0, 86.4%, 6309s elapsed
  ... wave done: [218368000000001, 218496000000001), total 318124565818 primes, 49821247/sec, hits: 0, 87.5%, 6385s elapsed
  ... wave done: [218496000000001, 218624000000001), total 322001224876 primes, 49828267/sec, hits: 0, 88.5%, 6462s elapsed
  ... wave done: [218624000000001, 218752000000001), total 325877796110 primes, 49836194/sec, hits: 0, 89.6%, 6539s elapsed
  ... wave done: [218752000000001, 218880000000001), total 329754307219 primes, 49844457/sec, hits: 0, 90.7%, 6616s elapsed
  ... wave done: [218880000000001, 219008000000001), total 333630773925 primes, 49851329/sec, hits: 0, 91.7%, 6693s elapsed
  ... wave done: [219008000000001, 219136000000001), total 337507198045 primes, 49859773/sec, hits: 0, 92.8%, 6769s elapsed
  ... wave done: [219136000000001, 219264000000001), total 341383508833 primes, 49866972/sec, hits: 0, 93.9%, 6846s elapsed
  ... wave done: [219264000000001, 219392000000001), total 345259711414 primes, 49871837/sec, hits: 0, 94.9%, 6923s elapsed
  ... wave done: [219392000000001, 219520000000001), total 349135912560 primes, 49879779/sec, hits: 0, 96.0%, 7000s elapsed
  ... wave done: [219520000000001, 219648000000001), total 353012039857 primes, 49872054/sec, hits: 0, 97.1%, 7078s elapsed
  ... wave done: [219648000000001, 219776000000001), total 356888111927 primes, 49877029/sec, hits: 0, 98.1%, 7155s elapsed
  ... wave done: [219776000000001, 219904000000001), total 360764050135 primes, 49883971/sec, hits: 0, 99.2%, 7232s elapsed
  ... wave done: [219904000000001, 220000004194304), total 363671138810 primes, 49889525/sec, hits: 0, 100.0%, 7290s elapsed

======================================================
SEARCH COMPLETE
======================================================

Range: [208000000000001, 220000000000000]
Threads: 16
Primes tested: 363671138810
Hits found: 0
Trailing filter hits: 0
Full checks: 363671138810
Time: 7289.5 seconds (2.02 hours)
Rate: 49889523 primes/sec (3118095/sec/thread)

Per-decade statistics:
  Digits  Primes tested    Hits
     15    363671138810      0

Hits found (sorted by p):

CSV copiato in /home/carlo/MATH/OEIS/A052075/runs/a052075_log_208000000000000_220000000000000.csv

Segmento S22 completato: 2026-03-28_17:53:44
