============================================
SEGMENTO S25 — Avvio: 2026-03-29_11:03:14
Range: [244000000000000, 256000000000000]
============================================
A052075 — Primes p such that nextprime(p) is substring of p^3
Version 4.0 — Carlo Corti, 2026

======================================================
ORACLE SET VERIFICATION — A052075 (v4)
======================================================
  OK   a( 1) =              11  |  p^3 OK  |  match@0/4
  OK   a( 2) =             101  |  p^3 OK  |  match@0/7
  OK   a( 3) =            2239  |  p^3 OK  |  match@2/11
  OK   a( 4) =           34297  |  p^3 OK  |  match@2/14
  OK   a( 5) =           43789  |  p^3 OK  |  match@4/14
  OK   a( 6) =           53549  |  p^3 OK  |  match@1/15
  OK   a( 7) =          535487  |  p^3 OK  |  match@1/18
  OK   a( 8) =        59897017  |  p^3 OK  |  match@14/24
  OK   a( 9) =       430784719  |  p^3 OK  |  match@3/26
  OK   a(10) =      2549592677  |  p^3 OK  |  match@19/29  [TRAILING, filter=OK]
  OK   a(11) =      2837138669  |  p^3 OK  |  match@1/29
  OK   a(12) =     97969345967  |  p^3 OK  |  match@22/33  [TRAILING, filter=OK]
  OK   a(13) =    100000000019  |  p^3 OK  |  match@0/34
  OK   a(14) =    328096840219  |  p^3 OK  |  match@20/35
  OK   a(15) =   4110739763869  |  p^3 OK  |  match@25/38  [TRAILING, filter=OK]
------------------------------------------------------
ALL 15 TERMS VERIFIED SUCCESSFULLY.

======================================================
A052075 SEARCH: [244000000000000, 256000000000000]
======================================================

Generating small primes up to 16000001...
Found 1031130 small primes (largest: 15999989)

Using 16 threads (macro-block size: 1000000000)

  ... wave done: [244000000000001, 244128000000001), total 3863724007 primes, 49479329/sec, hits: 0, 1.1%, 78s elapsed
  ... wave done: [244128000000001, 244256000000001), total 7727431977 primes, 49347869/sec, hits: 0, 2.1%, 157s elapsed
  ... wave done: [244256000000001, 244384000000001), total 11591007341 primes, 48807424/sec, hits: 0, 3.2%, 237s elapsed
  ... wave done: [244384000000001, 244512000000001), total 15454584552 primes, 48430922/sec, hits: 0, 4.3%, 319s elapsed
  ... wave done: [244512000000001, 244640000000001), total 19318076721 primes, 48438590/sec, hits: 0, 5.3%, 399s elapsed
  ... wave done: [244640000000001, 244768000000001), total 23181528300 primes, 48367191/sec, hits: 0, 6.4%, 479s elapsed
  ... wave done: [244768000000001, 244896000000001), total 27044917791 primes, 48337109/sec, hits: 0, 7.5%, 560s elapsed
  ... wave done: [244896000000001, 245024000000001), total 30908232652 primes, 48193845/sec, hits: 0, 8.5%, 641s elapsed
  ... wave done: [245024000000001, 245152000000001), total 34771500877 primes, 48028728/sec, hits: 0, 9.6%, 724s elapsed
  ... wave done: [245152000000001, 245280000000001), total 38634671706 primes, 48133108/sec, hits: 0, 10.7%, 803s elapsed
  ... wave done: [245280000000001, 245408000000001), total 42497750488 primes, 48186679/sec, hits: 0, 11.7%, 882s elapsed
  ... wave done: [245408000000001, 245536000000001), total 46360857321 primes, 48258885/sec, hits: 0, 12.8%, 961s elapsed
  ... wave done: [245536000000001, 245664000000001), total 50223911976 primes, 48357509/sec, hits: 0, 13.9%, 1039s elapsed
  ... wave done: [245664000000001, 245792000000001), total 54086928925 primes, 48389515/sec, hits: 0, 14.9%, 1118s elapsed
  ... wave done: [245792000000001, 245920000000001), total 57949832718 primes, 48388674/sec, hits: 0, 16.0%, 1198s elapsed
  ... wave done: [245920000000001, 246048000000001), total 61812614186 primes, 48404874/sec, hits: 0, 17.1%, 1277s elapsed
  ... wave done: [246048000000001, 246176000000001), total 65675396333 primes, 48450088/sec, hits: 0, 18.1%, 1356s elapsed
  ... wave done: [246176000000001, 246304000000001), total 69538138198 primes, 48349188/sec, hits: 0, 19.2%, 1438s elapsed
  ... wave done: [246304000000001, 246432000000001), total 73400817963 primes, 48268009/sec, hits: 0, 20.3%, 1521s elapsed
  ... wave done: [246432000000001, 246560000000001), total 77263407300 primes, 48117966/sec, hits: 0, 21.3%, 1606s elapsed
  ... wave done: [246560000000001, 246688000000001), total 81125909927 primes, 47992366/sec, hits: 0, 22.4%, 1690s elapsed
  ... wave done: [246688000000001, 246816000000001), total 84988427719 primes, 48037296/sec, hits: 0, 23.5%, 1769s elapsed
  ... wave done: [246816000000001, 246944000000001), total 88850891920 primes, 48076547/sec, hits: 0, 24.5%, 1848s elapsed
  ... wave done: [246944000000001, 247072000000001), total 92713221451 primes, 48090040/sec, hits: 0, 25.6%, 1928s elapsed
  ... wave done: [247072000000001, 247200000000001), total 96575519514 primes, 48111834/sec, hits: 0, 26.7%, 2007s elapsed
  ... wave done: [247200000000001, 247328000000001), total 100437723452 primes, 48126309/sec, hits: 0, 27.7%, 2087s elapsed
  ... wave done: [247328000000001, 247456000000001), total 104299894198 primes, 48155023/sec, hits: 0, 28.8%, 2166s elapsed
  ... wave done: [247456000000001, 247584000000001), total 108161970571 primes, 48194432/sec, hits: 0, 29.9%, 2244s elapsed
  ... wave done: [247584000000001, 247712000000001), total 112023976402 primes, 48212998/sec, hits: 0, 30.9%, 2324s elapsed
  ... wave done: [247712000000001, 247840000000001), total 115885942831 primes, 48252386/sec, hits: 0, 32.0%, 2402s elapsed
  ... wave done: [247840000000001, 247968000000001), total 119747858462 primes, 48285805/sec, hits: 0, 33.1%, 2480s elapsed
  ... wave done: [247968000000001, 248096000000001), total 123609739005 primes, 48337591/sec, hits: 0, 34.1%, 2557s elapsed
  ... wave done: [248096000000001, 248224000000001), total 127471585925 primes, 48353598/sec, hits: 0, 35.2%, 2636s elapsed
  ... wave done: [248224000000001, 248352000000001), total 131333313717 primes, 48401300/sec, hits: 0, 36.3%, 2713s elapsed
  ... wave done: [248352000000001, 248480000000001), total 135195035571 primes, 48416627/sec, hits: 0, 37.3%, 2792s elapsed
  ... wave done: [248480000000001, 248608000000001), total 139056690196 primes, 48441386/sec, hits: 0, 38.4%, 2871s elapsed
  ... wave done: [248608000000001, 248736000000001), total 142918218544 primes, 48464151/sec, hits: 0, 39.5%, 2949s elapsed
  ... wave done: [248736000000001, 248864000000001), total 146779735471 primes, 48499954/sec, hits: 0, 40.5%, 3026s elapsed
  ... wave done: [248864000000001, 248992000000001), total 150641209465 primes, 48535065/sec, hits: 0, 41.6%, 3104s elapsed
  ... wave done: [248992000000001, 249120000000001), total 154502567894 primes, 48564098/sec, hits: 0, 42.7%, 3181s elapsed
  ... wave done: [249120000000001, 249248000000001), total 158363891620 primes, 48575272/sec, hits: 0, 43.7%, 3260s elapsed
  ... wave done: [249248000000001, 249376000000001), total 162225176549 primes, 48596287/sec, hits: 0, 44.8%, 3338s elapsed
  ... wave done: [249376000000001, 249504000000001), total 166086343489 primes, 48627701/sec, hits: 0, 45.9%, 3415s elapsed
  ... wave done: [249504000000001, 249632000000001), total 169947511616 primes, 48629142/sec, hits: 0, 46.9%, 3495s elapsed
  ... wave done: [249632000000001, 249760000000001), total 173808638479 primes, 48659138/sec, hits: 0, 48.0%, 3572s elapsed
  ... wave done: [249760000000001, 249888000000001), total 177669665291 primes, 48674743/sec, hits: 0, 49.1%, 3650s elapsed
  ... wave done: [249888000000001, 250016000000001), total 181530605749 primes, 48695474/sec, hits: 0, 50.1%, 3728s elapsed
  ... wave done: [250016000000001, 250144000000001), total 185391542725 primes, 48716240/sec, hits: 0, 51.2%, 3806s elapsed
  ... wave done: [250144000000001, 250272000000001), total 189252387405 primes, 48729147/sec, hits: 0, 52.3%, 3884s elapsed
  ... wave done: [250272000000001, 250400000000001), total 193113179698 primes, 48755463/sec, hits: 0, 53.3%, 3961s elapsed
  ... wave done: [250400000000001, 250528000000001), total 196973906236 primes, 48756755/sec, hits: 0, 54.4%, 4040s elapsed
  ... wave done: [250528000000001, 250656000000001), total 200834626247 primes, 48778634/sec, hits: 0, 55.5%, 4117s elapsed
  ... wave done: [250656000000001, 250784000000001), total 204695245000 primes, 48798923/sec, hits: 0, 56.5%, 4195s elapsed
  ... wave done: [250784000000001, 250912000000001), total 208555764794 primes, 48797452/sec, hits: 0, 57.6%, 4274s elapsed
  ... wave done: [250912000000001, 251040000000001), total 212416293930 primes, 48806528/sec, hits: 0, 58.7%, 4352s elapsed
  ... wave done: [251040000000001, 251168000000001), total 216276724642 primes, 48825619/sec, hits: 0, 59.7%, 4430s elapsed
  ... wave done: [251168000000001, 251296000000001), total 220137056250 primes, 48833118/sec, hits: 0, 60.8%, 4508s elapsed
  ... wave done: [251296000000001, 251424000000001), total 223997402927 primes, 48849250/sec, hits: 0, 61.9%, 4585s elapsed
  ... wave done: [251424000000001, 251552000000001), total 227857668405 primes, 48860952/sec, hits: 0, 62.9%, 4663s elapsed
  ... wave done: [251552000000001, 251680000000001), total 231717872344 primes, 48859759/sec, hits: 0, 64.0%, 4743s elapsed
  ... wave done: [251680000000001, 251808000000001), total 235577975289 primes, 48867871/sec, hits: 0, 65.1%, 4821s elapsed
  ... wave done: [251808000000001, 251936000000001), total 239438006999 primes, 48866793/sec, hits: 0, 66.1%, 4900s elapsed
  ... wave done: [251936000000001, 252064000000001), total 243298026086 primes, 48880224/sec, hits: 0, 67.2%, 4977s elapsed
  ... wave done: [252064000000001, 252192000000001), total 247158014146 primes, 48896729/sec, hits: 0, 68.3%, 5055s elapsed
  ... wave done: [252192000000001, 252320000000001), total 251017948032 primes, 48908600/sec, hits: 0, 69.3%, 5132s elapsed
  ... wave done: [252320000000001, 252448000000001), total 254877783650 primes, 48919997/sec, hits: 0, 70.4%, 5210s elapsed
  ... wave done: [252448000000001, 252576000000001), total 258737547836 primes, 48934409/sec, hits: 0, 71.5%, 5287s elapsed
  ... wave done: [252576000000001, 252704000000001), total 262597269949 primes, 48945059/sec, hits: 0, 72.5%, 5365s elapsed
  ... wave done: [252704000000001, 252832000000001), total 266456978687 primes, 48954084/sec, hits: 0, 73.6%, 5443s elapsed
  ... wave done: [252832000000001, 252960000000001), total 270316636934 primes, 48960462/sec, hits: 0, 74.7%, 5521s elapsed
  ... wave done: [252960000000001, 253088000000001), total 274176154932 primes, 48968362/sec, hits: 0, 75.7%, 5599s elapsed
  ... wave done: [253088000000001, 253216000000001), total 278035676283 primes, 48982491/sec, hits: 0, 76.8%, 5676s elapsed
  ... wave done: [253216000000001, 253344000000001), total 281895122473 primes, 48986453/sec, hits: 0, 77.9%, 5755s elapsed
  ... wave done: [253344000000001, 253472000000001), total 285754515981 primes, 48995458/sec, hits: 0, 78.9%, 5832s elapsed
  ... wave done: [253472000000001, 253600000000001), total 289613807530 primes, 49006338/sec, hits: 0, 80.0%, 5910s elapsed
  ... wave done: [253600000000001, 253728000000001), total 293473076511 primes, 49019923/sec, hits: 0, 81.1%, 5987s elapsed
  ... wave done: [253728000000001, 253856000000001), total 297332245608 primes, 49020656/sec, hits: 0, 82.1%, 6065s elapsed
  ... wave done: [253856000000001, 253984000000001), total 301191392099 primes, 49026713/sec, hits: 0, 83.2%, 6143s elapsed
  ... wave done: [253984000000001, 254112000000001), total 305050475832 primes, 49022964/sec, hits: 0, 84.3%, 6223s elapsed
  ... wave done: [254112000000001, 254240000000001), total 308909497119 primes, 49034032/sec, hits: 0, 85.3%, 6300s elapsed
  ... wave done: [254240000000001, 254368000000001), total 312768459149 primes, 49029945/sec, hits: 0, 86.4%, 6379s elapsed
  ... wave done: [254368000000001, 254496000000001), total 316627367064 primes, 49026597/sec, hits: 0, 87.5%, 6458s elapsed
  ... wave done: [254496000000001, 254624000000001), total 320486210406 primes, 49033327/sec, hits: 0, 88.5%, 6536s elapsed
  ... wave done: [254624000000001, 254752000000001), total 324345007353 primes, 49029325/sec, hits: 0, 89.6%, 6615s elapsed
  ... wave done: [254752000000001, 254880000000001), total 328203669832 primes, 49037083/sec, hits: 0, 90.7%, 6693s elapsed
  ... wave done: [254880000000001, 255008000000001), total 332062360856 primes, 49046296/sec, hits: 0, 91.7%, 6770s elapsed
  ... wave done: [255008000000001, 255136000000001), total 335920988285 primes, 49050761/sec, hits: 0, 92.8%, 6848s elapsed
  ... wave done: [255136000000001, 255264000000001), total 339779522335 primes, 49057061/sec, hits: 0, 93.9%, 6926s elapsed
  ... wave done: [255264000000001, 255392000000001), total 343638028347 primes, 49061562/sec, hits: 0, 94.9%, 7004s elapsed
  ... wave done: [255392000000001, 255520000000001), total 347496510354 primes, 49058816/sec, hits: 0, 96.0%, 7083s elapsed
  ... wave done: [255520000000001, 255648000000001), total 351354836260 primes, 49068179/sec, hits: 0, 97.1%, 7161s elapsed
  ... wave done: [255648000000001, 255776000000001), total 355213142750 primes, 49063333/sec, hits: 0, 98.1%, 7240s elapsed
  ... wave done: [255776000000001, 255904000000001), total 359071395276 primes, 49068920/sec, hits: 0, 99.2%, 7318s elapsed
  ... wave done: [255904000000001, 256000004194304), total 361965176308 primes, 49066135/sec, hits: 0, 100.0%, 7377s elapsed

======================================================
SEARCH COMPLETE
======================================================

Range: [244000000000001, 256000000000000]
Threads: 16
Primes tested: 361965176308
Hits found: 0
Trailing filter hits: 0
Full checks: 361965176308
Time: 7377.1 seconds (2.05 hours)
Rate: 49066133 primes/sec (3066633/sec/thread)

Per-decade statistics:
  Digits  Primes tested    Hits
     15    361965176308      0

Hits found (sorted by p):

CSV copiato in /home/carlo/MATH/OEIS/A052075/runs/a052075_log_244000000000000_256000000000000.csv

Segmento S25 completato: 2026-03-29_13:06:11
