============================================
SEGMENTO S21 — Avvio: 2026-03-28_10:51:25
Range: [196000000000000, 208000000000000]
============================================
A052075 — Primes p such that nextprime(p) is substring of p^3
Version 4.0 — Carlo Corti, 2026

======================================================
ORACLE SET VERIFICATION — A052075 (v4)
======================================================
  OK   a( 1) =              11  |  p^3 OK  |  match@0/4
  OK   a( 2) =             101  |  p^3 OK  |  match@0/7
  OK   a( 3) =            2239  |  p^3 OK  |  match@2/11
  OK   a( 4) =           34297  |  p^3 OK  |  match@2/14
  OK   a( 5) =           43789  |  p^3 OK  |  match@4/14
  OK   a( 6) =           53549  |  p^3 OK  |  match@1/15
  OK   a( 7) =          535487  |  p^3 OK  |  match@1/18
  OK   a( 8) =        59897017  |  p^3 OK  |  match@14/24
  OK   a( 9) =       430784719  |  p^3 OK  |  match@3/26
  OK   a(10) =      2549592677  |  p^3 OK  |  match@19/29  [TRAILING, filter=OK]
  OK   a(11) =      2837138669  |  p^3 OK  |  match@1/29
  OK   a(12) =     97969345967  |  p^3 OK  |  match@22/33  [TRAILING, filter=OK]
  OK   a(13) =    100000000019  |  p^3 OK  |  match@0/34
  OK   a(14) =    328096840219  |  p^3 OK  |  match@20/35
  OK   a(15) =   4110739763869  |  p^3 OK  |  match@25/38  [TRAILING, filter=OK]
------------------------------------------------------
ALL 15 TERMS VERIFIED SUCCESSFULLY.

======================================================
A052075 SEARCH: [196000000000000, 208000000000000]
======================================================

Generating small primes up to 14422206...
Found 935766 small primes (largest: 14422189)

Using 16 threads (macro-block size: 1000000000)

  ... wave done: [196000000000001, 196128000000001), total 3889486184 primes, 52291401/sec, hits: 0, 1.1%, 74s elapsed
  ... wave done: [196128000000001, 196256000000001), total 7778868700 primes, 51838936/sec, hits: 0, 2.1%, 150s elapsed
  ... wave done: [196256000000001, 196384000000001), total 11668194720 primes, 51653819/sec, hits: 0, 3.2%, 226s elapsed
  ... wave done: [196384000000001, 196512000000001), total 15557413390 primes, 51570030/sec, hits: 0, 4.3%, 302s elapsed
  ... wave done: [196512000000001, 196640000000001), total 19446533565 primes, 51467024/sec, hits: 0, 5.3%, 378s elapsed
  ... wave done: [196640000000001, 196768000000001), total 23335660225 primes, 51403799/sec, hits: 0, 6.4%, 454s elapsed
  ... wave done: [196768000000001, 196896000000001), total 27224672222 primes, 51379182/sec, hits: 0, 7.5%, 530s elapsed
  ... wave done: [196896000000001, 197024000000001), total 31113635183 primes, 51343123/sec, hits: 0, 8.5%, 606s elapsed
  ... wave done: [197024000000001, 197152000000001), total 35002481506 primes, 51326860/sec, hits: 0, 9.6%, 682s elapsed
  ... wave done: [197152000000001, 197280000000001), total 38891293496 primes, 51304178/sec, hits: 0, 10.7%, 758s elapsed
  ... wave done: [197280000000001, 197408000000001), total 42779963988 primes, 51293878/sec, hits: 0, 11.7%, 834s elapsed
  ... wave done: [197408000000001, 197536000000001), total 46668566021 primes, 51262574/sec, hits: 0, 12.8%, 910s elapsed
  ... wave done: [197536000000001, 197664000000001), total 50557120063 primes, 51236389/sec, hits: 0, 13.9%, 987s elapsed
  ... wave done: [197664000000001, 197792000000001), total 54445633221 primes, 51208140/sec, hits: 0, 14.9%, 1063s elapsed
  ... wave done: [197792000000001, 197920000000001), total 58333992831 primes, 51214288/sec, hits: 0, 16.0%, 1139s elapsed
  ... wave done: [197920000000001, 198048000000001), total 62222240694 primes, 51209761/sec, hits: 0, 17.1%, 1215s elapsed
  ... wave done: [198048000000001, 198176000000001), total 66110448195 primes, 51200123/sec, hits: 0, 18.1%, 1291s elapsed
  ... wave done: [198176000000001, 198304000000001), total 69998624101 primes, 51197574/sec, hits: 0, 19.2%, 1367s elapsed
  ... wave done: [198304000000001, 198432000000001), total 73886708549 primes, 51193804/sec, hits: 0, 20.3%, 1443s elapsed
  ... wave done: [198432000000001, 198560000000001), total 77774733404 primes, 51176438/sec, hits: 0, 21.3%, 1520s elapsed
  ... wave done: [198560000000001, 198688000000001), total 81662619734 primes, 51152379/sec, hits: 0, 22.4%, 1596s elapsed
  ... wave done: [198688000000001, 198816000000001), total 85550439392 primes, 51147073/sec, hits: 0, 23.5%, 1673s elapsed
  ... wave done: [198816000000001, 198944000000001), total 89438216827 primes, 51133291/sec, hits: 0, 24.5%, 1749s elapsed
  ... wave done: [198944000000001, 199072000000001), total 93325890520 primes, 51130434/sec, hits: 0, 25.6%, 1825s elapsed
  ... wave done: [199072000000001, 199200000000001), total 97213502735 primes, 51129951/sec, hits: 0, 26.7%, 1901s elapsed
  ... wave done: [199200000000001, 199328000000001), total 101101037967 primes, 51127281/sec, hits: 0, 27.7%, 1977s elapsed
  ... wave done: [199328000000001, 199456000000001), total 104988533503 primes, 51121484/sec, hits: 0, 28.8%, 2054s elapsed
  ... wave done: [199456000000001, 199584000000001), total 108875924525 primes, 51118583/sec, hits: 0, 29.9%, 2130s elapsed
  ... wave done: [199584000000001, 199712000000001), total 112763199478 primes, 51115930/sec, hits: 0, 30.9%, 2206s elapsed
  ... wave done: [199712000000001, 199840000000001), total 116650507570 primes, 51113080/sec, hits: 0, 32.0%, 2282s elapsed
  ... wave done: [199840000000001, 199968000000001), total 120537658248 primes, 51113536/sec, hits: 0, 33.1%, 2358s elapsed
  ... wave done: [199968000000001, 200096000000001), total 124424740958 primes, 51113140/sec, hits: 0, 34.1%, 2434s elapsed
  ... wave done: [200096000000001, 200224000000001), total 128311703070 primes, 51105867/sec, hits: 0, 35.2%, 2511s elapsed
  ... wave done: [200224000000001, 200352000000001), total 132198640332 primes, 51106046/sec, hits: 0, 36.3%, 2587s elapsed
  ... wave done: [200352000000001, 200480000000001), total 136085544665 primes, 51101719/sec, hits: 0, 37.3%, 2663s elapsed
  ... wave done: [200480000000001, 200608000000001), total 139972371207 primes, 51103577/sec, hits: 0, 38.4%, 2739s elapsed
  ... wave done: [200608000000001, 200736000000001), total 143859122701 primes, 51101142/sec, hits: 0, 39.5%, 2815s elapsed
  ... wave done: [200736000000001, 200864000000001), total 147745753040 primes, 51099562/sec, hits: 0, 40.5%, 2891s elapsed
  ... wave done: [200864000000001, 200992000000001), total 151632313206 primes, 51094380/sec, hits: 0, 41.6%, 2968s elapsed
  ... wave done: [200992000000001, 201120000000001), total 155518820397 primes, 51095201/sec, hits: 0, 42.7%, 3044s elapsed
  ... wave done: [201120000000001, 201248000000001), total 159405224613 primes, 51091162/sec, hits: 0, 43.7%, 3120s elapsed
  ... wave done: [201248000000001, 201376000000001), total 163291564915 primes, 51086105/sec, hits: 0, 44.8%, 3196s elapsed
  ... wave done: [201376000000001, 201504000000001), total 167177768791 primes, 51087755/sec, hits: 0, 45.9%, 3272s elapsed
  ... wave done: [201504000000001, 201632000000001), total 171063985009 primes, 51081768/sec, hits: 0, 46.9%, 3349s elapsed
  ... wave done: [201632000000001, 201760000000001), total 174950121424 primes, 51071403/sec, hits: 0, 48.0%, 3426s elapsed
  ... wave done: [201760000000001, 201888000000001), total 178836151230 primes, 51073006/sec, hits: 0, 49.1%, 3502s elapsed
  ... wave done: [201888000000001, 202016000000001), total 182722087431 primes, 51074542/sec, hits: 0, 50.1%, 3578s elapsed
  ... wave done: [202016000000001, 202144000000001), total 186608002594 primes, 51074770/sec, hits: 0, 51.2%, 3654s elapsed
  ... wave done: [202144000000001, 202272000000001), total 190493811804 primes, 51074552/sec, hits: 0, 52.3%, 3730s elapsed
  ... wave done: [202272000000001, 202400000000001), total 194379543109 primes, 51071022/sec, hits: 0, 53.3%, 3806s elapsed
  ... wave done: [202400000000001, 202528000000001), total 198265167115 primes, 51073661/sec, hits: 0, 54.4%, 3882s elapsed
  ... wave done: [202528000000001, 202656000000001), total 202150771516 primes, 51068957/sec, hits: 0, 55.5%, 3958s elapsed
  ... wave done: [202656000000001, 202784000000001), total 206036303446 primes, 51064228/sec, hits: 0, 56.5%, 4035s elapsed
  ... wave done: [202784000000001, 202912000000001), total 209921744626 primes, 51063179/sec, hits: 0, 57.6%, 4111s elapsed
  ... wave done: [202912000000001, 203040000000001), total 213807095711 primes, 51062724/sec, hits: 0, 58.7%, 4187s elapsed
  ... wave done: [203040000000001, 203168000000001), total 217692395059 primes, 51056324/sec, hits: 0, 59.7%, 4264s elapsed
  ... wave done: [203168000000001, 203296000000001), total 221577591302 primes, 51052673/sec, hits: 0, 60.8%, 4340s elapsed
  ... wave done: [203296000000001, 203424000000001), total 225462709402 primes, 51051111/sec, hits: 0, 61.9%, 4416s elapsed
  ... wave done: [203424000000001, 203552000000001), total 229347786417 primes, 51048376/sec, hits: 0, 62.9%, 4493s elapsed
  ... wave done: [203552000000001, 203680000000001), total 233232824216 primes, 51050168/sec, hits: 0, 64.0%, 4569s elapsed
  ... wave done: [203680000000001, 203808000000001), total 237117720458 primes, 51047660/sec, hits: 0, 65.1%, 4645s elapsed
  ... wave done: [203808000000001, 203936000000001), total 241002573490 primes, 51047290/sec, hits: 0, 66.1%, 4721s elapsed
  ... wave done: [203936000000001, 204064000000001), total 244887365837 primes, 51043957/sec, hits: 0, 67.2%, 4798s elapsed
  ... wave done: [204064000000001, 204192000000001), total 248772107005 primes, 51045140/sec, hits: 0, 68.3%, 4874s elapsed
  ... wave done: [204192000000001, 204320000000001), total 252656762738 primes, 51045016/sec, hits: 0, 69.3%, 4950s elapsed
  ... wave done: [204320000000001, 204448000000001), total 256541331126 primes, 51045451/sec, hits: 0, 70.4%, 5026s elapsed
  ... wave done: [204448000000001, 204576000000001), total 260425824372 primes, 51045094/sec, hits: 0, 71.5%, 5102s elapsed
  ... wave done: [204576000000001, 204704000000001), total 264310204446 primes, 51043663/sec, hits: 0, 72.5%, 5178s elapsed
  ... wave done: [204704000000001, 204832000000001), total 268194516294 primes, 51039374/sec, hits: 0, 73.6%, 5255s elapsed
  ... wave done: [204832000000001, 204960000000001), total 272078797126 primes, 51039956/sec, hits: 0, 74.7%, 5331s elapsed
  ... wave done: [204960000000001, 205088000000001), total 275962998801 primes, 51035974/sec, hits: 0, 75.7%, 5407s elapsed
  ... wave done: [205088000000001, 205216000000001), total 279847122227 primes, 51036174/sec, hits: 0, 76.8%, 5483s elapsed
  ... wave done: [205216000000001, 205344000000001), total 283731121002 primes, 51037064/sec, hits: 0, 77.9%, 5559s elapsed
  ... wave done: [205344000000001, 205472000000001), total 287615077368 primes, 51036564/sec, hits: 0, 78.9%, 5635s elapsed
  ... wave done: [205472000000001, 205600000000001), total 291498988444 primes, 51038422/sec, hits: 0, 80.0%, 5711s elapsed
  ... wave done: [205600000000001, 205728000000001), total 295382794096 primes, 51038123/sec, hits: 0, 81.1%, 5787s elapsed
  ... wave done: [205728000000001, 205856000000001), total 299266491934 primes, 51034572/sec, hits: 0, 82.1%, 5864s elapsed
  ... wave done: [205856000000001, 205984000000001), total 303150151343 primes, 51021675/sec, hits: 0, 83.2%, 5942s elapsed
  ... wave done: [205984000000001, 206112000000001), total 307033737470 primes, 51012246/sec, hits: 0, 84.3%, 6019s elapsed
  ... wave done: [206112000000001, 206240000000001), total 310917256614 primes, 51012601/sec, hits: 0, 85.3%, 6095s elapsed
  ... wave done: [206240000000001, 206368000000001), total 314800757908 primes, 51012895/sec, hits: 0, 86.4%, 6171s elapsed
  ... wave done: [206368000000001, 206496000000001), total 318684127265 primes, 51002806/sec, hits: 0, 87.5%, 6248s elapsed
  ... wave done: [206496000000001, 206624000000001), total 322567434374 primes, 51004098/sec, hits: 0, 88.5%, 6324s elapsed
  ... wave done: [206624000000001, 206752000000001), total 326450651315 primes, 50997942/sec, hits: 0, 89.6%, 6401s elapsed
  ... wave done: [206752000000001, 206880000000001), total 330333792034 primes, 50998305/sec, hits: 0, 90.7%, 6477s elapsed
  ... wave done: [206880000000001, 207008000000001), total 334216882203 primes, 51000177/sec, hits: 0, 91.7%, 6553s elapsed
  ... wave done: [207008000000001, 207136000000001), total 338099863805 primes, 50995900/sec, hits: 0, 92.8%, 6630s elapsed
  ... wave done: [207136000000001, 207264000000001), total 341982798350 primes, 50995329/sec, hits: 0, 93.9%, 6706s elapsed
  ... wave done: [207264000000001, 207392000000001), total 345865689418 primes, 50995699/sec, hits: 0, 94.9%, 6782s elapsed
  ... wave done: [207392000000001, 207520000000001), total 349748474866 primes, 50994087/sec, hits: 0, 96.0%, 6859s elapsed
  ... wave done: [207520000000001, 207648000000001), total 353631152565 primes, 50994903/sec, hits: 0, 97.1%, 6935s elapsed
  ... wave done: [207648000000001, 207776000000001), total 357513806264 primes, 50994654/sec, hits: 0, 98.1%, 7011s elapsed
  ... wave done: [207776000000001, 207904000000001), total 361396409266 primes, 50994360/sec, hits: 0, 99.2%, 7087s elapsed
  ... wave done: [207904000000001, 208000004194304), total 364308444001 primes, 50994152/sec, hits: 0, 100.0%, 7144s elapsed

======================================================
SEARCH COMPLETE
======================================================

Range: [196000000000001, 208000000000000]
Threads: 16
Primes tested: 364308444001
Hits found: 0
Trailing filter hits: 0
Full checks: 364308444001
Time: 7144.1 seconds (1.98 hours)
Rate: 50994150 primes/sec (3187134/sec/thread)

Per-decade statistics:
  Digits  Primes tested    Hits
     15    364308444001      0

Hits found (sorted by p):

CSV copiato in /home/carlo/MATH/OEIS/A052075/runs/a052075_log_196000000000000_208000000000000.csv

Segmento S21 completato: 2026-03-28_12:50:29
