========================================================================
A052075 — CAMPAIGN SUMMARY LOG
Primes p such that nextprime(p) is a substring of p^3
Author: Carlo Corti  |  Code: a052075_v4.c
========================================================================

Campaign start : 2026-03-24_15:13:30
Campaign end   : 2026-03-31_20:11:41
Total segments : 37
Range covered  : [6,900,000,000,000 , 400,000,000,000,000]
               = [6.9 T , 400 T]  (T = 10^12)
Total primes   : 12,031,933,065,817
CPU time total : 237,866.2 s  (66.07 h)
Hits found     : 1

------------------------------------------------------------------------
 Seg           Range start             Range end            Primes    Time(s)  Hits                Start                  End
------------------------------------------------------------------------
  01     6,900,000,000,000    14,900,000,000,000   266,713,336,408     4522.2     0
  02    14,900,000,000,000    22,900,000,000,000   261,762,049,678     4576.0     0
  03    22,900,000,000,000    30,900,000,000,000   258,739,059,625     4624.3     0
  04    30,900,000,000,000    38,900,000,000,000   256,565,223,374     4687.6     0
  05    38,900,000,000,000    46,900,000,000,000   254,871,673,771     4687.2     0
  06    46,900,000,000,000    54,900,000,000,000   253,487,312,802     4646.7     0
  07    54,900,000,000,000    62,900,000,000,000   252,317,998,992     4694.7     0
  08    62,900,000,000,000    70,900,000,000,000   251,307,062,131     4633.2     0
  09    70,900,000,000,000    78,900,000,000,000   250,417,361,735     4648.4     0
  10    78,900,000,000,000    86,900,000,000,000   249,623,702,932     4714.0     0
  11    86,900,000,000,000    94,900,000,000,000   248,907,879,998     4736.7     0
  12    94,900,000,000,000   100,000,000,000,000   158,334,833,047     3051.2     0
  13   100,000,000,000,000   112,000,000,000,000   371,587,500,071     7030.0     0
  14   112,000,000,000,000   124,000,000,000,000   370,356,030,767     7197.7     0
  15   124,000,000,000,000   136,000,000,000,000   369,251,659,651     7074.3     0
  16   136,000,000,000,000   148,000,000,000,000   368,250,236,945     7172.0     0
  17   148,000,000,000,000   160,000,000,000,000   367,335,521,040     7152.1     0
  18   160,000,000,000,000   172,000,000,000,000   366,493,244,272     7432.3     0
  19   172,000,000,000,000   184,000,000,000,000   365,713,222,214     7140.7     0
  20   184,000,000,000,000   196,000,000,000,000   364,987,095,025     7301.9     0
  21   196,000,000,000,000   208,000,000,000,000   364,308,444,001     7144.1     0
  22   208,000,000,000,000   220,000,000,000,000   363,671,138,810     7289.5     0
  23   220,000,000,000,000   232,000,000,000,000   363,070,555,702     7342.5     0
  24   232,000,000,000,000   244,000,000,000,000   362,503,241,955     7471.3     0
  25   244,000,000,000,000   256,000,000,000,000   361,965,176,308     7377.1     0
  26   256,000,000,000,000   268,000,000,000,000   361,453,568,247     7387.0     0
  27   268,000,000,000,000   280,000,000,000,000   360,966,709,178     7405.6     0
  28   280,000,000,000,000   292,000,000,000,000   360,502,150,078     7480.2     1  *** HIT a(16) ***
  29   292,000,000,000,000   304,000,000,000,000   360,057,238,070     7411.6     0
  30   304,000,000,000,000   316,000,000,000,000   359,631,160,041     7970.3     0
  31   316,000,000,000,000   328,000,000,000,000   359,222,232,797     7351.6     0
  32   328,000,000,000,000   340,000,000,000,000   358,829,174,579     7344.5     0
  33   340,000,000,000,000   352,000,000,000,000   358,450,707,977     7433.8     0
  34   352,000,000,000,000   364,000,000,000,000   358,086,245,722     7492.7     0
  35   364,000,000,000,000   376,000,000,000,000   357,734,234,166     7361.2     0
  36   376,000,000,000,000   388,000,000,000,000   357,394,044,022     7434.3     0
  37   388,000,000,000,000   400,000,000,000,000   357,065,039,686     7445.7     0
------------------------------------------------------------------------
 TOT                                              12,031,933,065,817   237866.2

========================================================================
HITS DETAIL
========================================================================

  a(16) = 287902832031253
    nextprime : 287902832031277
    gap       : 24
    position  : 29/44  (in p^3 decimal expansion)
    type      : TRAILING
    found in  : seg28  range [280,000,000,000,000 , 292,000,000,000,000]
    p^3       : 23863701656637949988435953863287902832031277

========================================================================
NOTES
========================================================================

  - Segment width varies: 8T for seg01-seg12, 12T for seg13+
    (seg12 covers only [94.9T, 100T] = 5.1T, transitional segment)
  - CPU time is wall-clock time of the C process (from log 'Time:' field)
  - Throughput range: ~47-59 M primes/sec (decreasing with digit count)
  - Hardware: MinisForum UM790 Pro, AMD Ryzen 9 7940HS, 16 threads
  - All 15 oracle terms verified at start of each segment
  - a(16) > 4*10^14 confirmed (search exhaustive through 400T)
